
########################################################################
 ---------------- Iniciando do Pipeline --------------------------------

 -> Executando ProcessarDadosSismologicos.py...
Traceback (most recent call last):
  File "/home/ggrl/.pyenv/versions/sismologia/lib/python3.11/site-packages/pandas/core/indexes/base.py", line 3805, in get_loc
    return self._engine.get_loc(casted_key)
           ^^^^^^^^^^^^^^^^^^^^^^^^^^^^^^^^
  File "index.pyx", line 167, in pandas._libs.index.IndexEngine.get_loc
  File "index.pyx", line 196, in pandas._libs.index.IndexEngine.get_loc
  File "pandas/_libs/hashtable_class_helper.pxi", line 7081, in pandas._libs.hashtable.PyObjectHashTable.get_item
  File "pandas/_libs/hashtable_class_helper.pxi", line 7089, in pandas._libs.hashtable.PyObjectHashTable.get_item
KeyError: 'Network'

The above exception was the direct cause of the following exception:

Traceback (most recent call last):
  File "/home/ggrl/projetos/ClassificadorSismologico/source/Core/ProcessarDadosSismologicos.py", line 22, in <module>
    from BaixarFormaOnda import iterate_events
  File "/home/ggrl/projetos/ClassificadorSismologico/source/Core/BaixarFormaOnda.py", line 21, in <module>
    from utils import MSEED_DIR
  File "/home/ggrl/projetos/ClassificadorSismologico/source/Core/utils.py", line 228, in <module>
    inventory = consolidate_inventory(inventory_files)
                ^^^^^^^^^^^^^^^^^^^^^^^^^^^^^^^^^^^^^^
  File "/home/ggrl/projetos/ClassificadorSismologico/source/Core/utils.py", line 219, in consolidate_inventory
    inventory_df = pd.concat([inventory_df, parse_inventory_txt(file_path)])
                                            ^^^^^^^^^^^^^^^^^^^^^^^^^^^^^^
  File "/home/ggrl/projetos/ClassificadorSismologico/source/Core/utils.py", line 198, in parse_inventory_txt
    df['key'] = df['Network'] + '.' + df['Station']
                ~~^^^^^^^^^^^
  File "/home/ggrl/.pyenv/versions/sismologia/lib/python3.11/site-packages/pandas/core/frame.py", line 4102, in __getitem__
    indexer = self.columns.get_loc(key)
              ^^^^^^^^^^^^^^^^^^^^^^^^^
  File "/home/ggrl/.pyenv/versions/sismologia/lib/python3.11/site-packages/pandas/core/indexes/base.py", line 3812, in get_loc
    raise KeyError(key) from err
KeyError: 'Network'
 ---------------- Iniciando o cria_pred.py ---------------------------- 
Traceback (most recent call last):
  File "/home/ggrl/.pyenv/versions/sismologia/lib/python3.11/site-packages/pandas/core/indexes/base.py", line 3805, in get_loc
    return self._engine.get_loc(casted_key)
           ^^^^^^^^^^^^^^^^^^^^^^^^^^^^^^^^
  File "index.pyx", line 167, in pandas._libs.index.IndexEngine.get_loc
  File "index.pyx", line 196, in pandas._libs.index.IndexEngine.get_loc
  File "pandas/_libs/hashtable_class_helper.pxi", line 7081, in pandas._libs.hashtable.PyObjectHashTable.get_item
  File "pandas/_libs/hashtable_class_helper.pxi", line 7089, in pandas._libs.hashtable.PyObjectHashTable.get_item
KeyError: 'Network'

The above exception was the direct cause of the following exception:

Traceback (most recent call last):
  File "/home/ggrl/projetos/ClassificadorSismologico/source/Core/Gerar_predcsv.py", line 3, in <module>
    from utils import MSEED_DIR
  File "/home/ggrl/projetos/ClassificadorSismologico/source/Core/utils.py", line 228, in <module>
    inventory = consolidate_inventory(inventory_files)
                ^^^^^^^^^^^^^^^^^^^^^^^^^^^^^^^^^^^^^^
  File "/home/ggrl/projetos/ClassificadorSismologico/source/Core/utils.py", line 219, in consolidate_inventory
    inventory_df = pd.concat([inventory_df, parse_inventory_txt(file_path)])
                                            ^^^^^^^^^^^^^^^^^^^^^^^^^^^^^^
  File "/home/ggrl/projetos/ClassificadorSismologico/source/Core/utils.py", line 198, in parse_inventory_txt
    df['key'] = df['Network'] + '.' + df['Station']
                ~~^^^^^^^^^^^
  File "/home/ggrl/.pyenv/versions/sismologia/lib/python3.11/site-packages/pandas/core/frame.py", line 4102, in __getitem__
    indexer = self.columns.get_loc(key)
              ^^^^^^^^^^^^^^^^^^^^^^^^^
  File "/home/ggrl/.pyenv/versions/sismologia/lib/python3.11/site-packages/pandas/core/indexes/base.py", line 3812, in get_loc
    raise KeyError(key) from err
KeyError: 'Network'

 Criando arquivos de backup...
