
========================================================================
                       Iniciando do Pipeline                         
========================================================================

Argumentos recebidos:
  Catalogo: Catalog_jul.csv
  EVENTS: false
  TREATCATALOG: true
  PREDICT: false
  POSPROCESS: false
  MAPS: false
  REPORT: false
  TEST: false


 -------------- INICIANDO O TRATAMENTO -------------------- 
 Tratando Catalog_jul.csv...
 Args: Namespace(eventos='eventos.csv', csv='Catalog_jul.csv', ascending=True, map=True, test=False)
Index(['SCALERANK', 'FEATURECLA', 'NAME', 'NAME_ALT', 'MIN_ZOOM', 'FCLASS_ISO',
       'FCLASS_US', 'FCLASS_FR', 'FCLASS_RU', 'FCLASS_ES', 'FCLASS_CN',
       'FCLASS_TW', 'FCLASS_IN', 'FCLASS_NP', 'FCLASS_PK', 'FCLASS_DE',
       'FCLASS_GB', 'FCLASS_BR', 'FCLASS_IL', 'FCLASS_PS', 'FCLASS_SA',
       'FCLASS_EG', 'FCLASS_MA', 'FCLASS_PT', 'FCLASS_AR', 'FCLASS_JP',
       'FCLASS_KO', 'FCLASS_VN', 'FCLASS_TR', 'FCLASS_ID', 'FCLASS_PL',
       'FCLASS_GR', 'FCLASS_IT', 'FCLASS_NL', 'FCLASS_SE', 'FCLASS_BD',
       'FCLASS_UA', 'NE_ID', 'BRK_A3', 'FCLASS_TLC', 'geometry'],
      dtype='object')
   SCALERANK  ...                                           geometry
0          1  ...  LINESTRING (-130.53611 54.80278, -129.98000 55...
1          1  ...  LINESTRING (-117.12776 32.53534, -115.99135 32...
2          1  ...  LINESTRING (-90.09555 13.73534, -90.06467 13.8...
3          1  ...  LINESTRING (-92.22776 14.53883, -92.20323 14.8...
4          1  ...  LINESTRING (-88.93062 15.88728, -89.22913 15.8...

[5 rows x 41 columns]
Traceback (most recent call last):
  File "/home/ipt/.pyenv/versions/sismologia/lib/python3.11/site-packages/pandas/core/indexes/base.py", line 3790, in get_loc
    return self._engine.get_loc(casted_key)
           ^^^^^^^^^^^^^^^^^^^^^^^^^^^^^^^^
  File "index.pyx", line 152, in pandas._libs.index.IndexEngine.get_loc
  File "index.pyx", line 181, in pandas._libs.index.IndexEngine.get_loc
  File "pandas/_libs/hashtable_class_helper.pxi", line 7080, in pandas._libs.hashtable.PyObjectHashTable.get_item
  File "pandas/_libs/hashtable_class_helper.pxi", line 7088, in pandas._libs.hashtable.PyObjectHashTable.get_item
KeyError: 'continent'

The above exception was the direct cause of the following exception:

Traceback (most recent call last):
  File "/home/ipt/projetos/ClassificadorSismologico/fonte/analise_dados/pre_processa.py", line 454, in <module>
    catalogo = main()
               ^^^^^^
  File "/home/ipt/projetos/ClassificadorSismologico/fonte/analise_dados/pre_processa.py", line 413, in main
    catalogo = brasil_catalogo(catalogo)
               ^^^^^^^^^^^^^^^^^^^^^^^^^
  File "/home/ipt/projetos/ClassificadorSismologico/fonte/analise_dados/pre_processa.py", line 91, in brasil_catalogo
    s_america = world[world['continent'] == 'South America']
                      ~~~~~^^^^^^^^^^^^^
  File "/home/ipt/.pyenv/versions/sismologia/lib/python3.11/site-packages/geopandas/geodataframe.py", line 1474, in __getitem__
    result = super().__getitem__(key)
             ^^^^^^^^^^^^^^^^^^^^^^^^
  File "/home/ipt/.pyenv/versions/sismologia/lib/python3.11/site-packages/pandas/core/frame.py", line 3893, in __getitem__
    indexer = self.columns.get_loc(key)
              ^^^^^^^^^^^^^^^^^^^^^^^^^
  File "/home/ipt/.pyenv/versions/sismologia/lib/python3.11/site-packages/pandas/core/indexes/base.py", line 3797, in get_loc
    raise KeyError(key) from err
KeyError: 'continent'
