
========================================================================
                       Iniciando do Pipeline                         
========================================================================

 Criando arquivos de backup...
 Arquivos de backup criados com sucesso!

 -> Executando events_pipeline.py...

Erro ao conectar com o servidor Seisarc.sismo.iag.usp.br: No FDSN services could be discovered at 'http://seisarc.sismo.iag.usp.br'. This could be due to a temporary service outage or an invalid FDSN service address.

 Criando arquivos de backup...
 Arquivos de backup criados com sucesso!

 ---------------- INICIANDO CORE/GERAR_PREDCSV.PY ---------------------------- 
Traceback (most recent call last):
  File "/home/ggrl/projetos/ClassificadorSismologico/source/core/gerar_predcsv.py", line 37, in <module>
    gerar_predcsv()
  File "/home/ggrl/projetos/ClassificadorSismologico/source/core/gerar_predcsv.py", line 7, in gerar_predcsv
    df_events = pd.read_csv(csv_events, sep=',')
                ^^^^^^^^^^^^^^^^^^^^^^^^^^^^^^^^
  File "/home/ggrl/.pyenv/versions/sismologia/lib/python3.11/site-packages/pandas/io/parsers/readers.py", line 1026, in read_csv
    return _read(filepath_or_buffer, kwds)
           ^^^^^^^^^^^^^^^^^^^^^^^^^^^^^^^
  File "/home/ggrl/.pyenv/versions/sismologia/lib/python3.11/site-packages/pandas/io/parsers/readers.py", line 620, in _read
    parser = TextFileReader(filepath_or_buffer, **kwds)
             ^^^^^^^^^^^^^^^^^^^^^^^^^^^^^^^^^^^^^^^^^^
  File "/home/ggrl/.pyenv/versions/sismologia/lib/python3.11/site-packages/pandas/io/parsers/readers.py", line 1620, in __init__
    self._engine = self._make_engine(f, self.engine)
                   ^^^^^^^^^^^^^^^^^^^^^^^^^^^^^^^^^
  File "/home/ggrl/.pyenv/versions/sismologia/lib/python3.11/site-packages/pandas/io/parsers/readers.py", line 1880, in _make_engine
    self.handles = get_handle(
                   ^^^^^^^^^^^
  File "/home/ggrl/.pyenv/versions/sismologia/lib/python3.11/site-packages/pandas/io/common.py", line 873, in get_handle
    handle = open(
             ^^^^^
FileNotFoundError: [Errno 2] No such file or directory: './files/events/events.csv'

 -------------- INICIANDO O DATA_ANALYSIS/PREPROCESS.PY -------------------- 
Traceback (most recent call last):
  File "/home/ggrl/projetos/ClassificadorSismologico/source/data_analysis/pre_process.py", line 96, in <module>
    df, df_comm, df_nc = main()
                         ^^^^^^
  File "/home/ggrl/projetos/ClassificadorSismologico/source/data_analysis/pre_process.py", line 91, in main
    hist_hora()
  File "/home/ggrl/projetos/ClassificadorSismologico/source/data_analysis/pre_process.py", line 78, in hist_hora
    plt.savefig('figures/pre_process/plots/histogramas/hist_hora.png')
  File "/home/ggrl/.pyenv/versions/sismologia/lib/python3.11/site-packages/matplotlib/pyplot.py", line 1134, in savefig
    res = fig.savefig(*args, **kwargs)  # type: ignore[func-returns-value]
          ^^^^^^^^^^^^^^^^^^^^^^^^^^^^
  File "/home/ggrl/.pyenv/versions/sismologia/lib/python3.11/site-packages/matplotlib/figure.py", line 3390, in savefig
    self.canvas.print_figure(fname, **kwargs)
  File "/home/ggrl/.pyenv/versions/sismologia/lib/python3.11/site-packages/matplotlib/backend_bases.py", line 2193, in print_figure
    result = print_method(
             ^^^^^^^^^^^^^
  File "/home/ggrl/.pyenv/versions/sismologia/lib/python3.11/site-packages/matplotlib/backend_bases.py", line 2043, in <lambda>
    print_method = functools.wraps(meth)(lambda *args, **kwargs: meth(
                                                                 ^^^^^
  File "/home/ggrl/.pyenv/versions/sismologia/lib/python3.11/site-packages/matplotlib/backends/backend_agg.py", line 497, in print_png
    self._print_pil(filename_or_obj, "png", pil_kwargs, metadata)
  File "/home/ggrl/.pyenv/versions/sismologia/lib/python3.11/site-packages/matplotlib/backends/backend_agg.py", line 446, in _print_pil
    mpl.image.imsave(
  File "/home/ggrl/.pyenv/versions/sismologia/lib/python3.11/site-packages/matplotlib/image.py", line 1656, in imsave
    image.save(fname, **pil_kwargs)
  File "/home/ggrl/.pyenv/versions/sismologia/lib/python3.11/site-packages/PIL/Image.py", line 2456, in save
    fp = builtins.open(filename, "w+b")
         ^^^^^^^^^^^^^^^^^^^^^^^^^^^^^^
FileNotFoundError: [Errno 2] No such file or directory: '/home/ggrl/projetos/ClassificadorSismologico/figures/pre_process/plots/histogramas/hist_hora.png'

 ----------------- INICIANDO O PREDICT.PY ---------------------------- 
[{"success":true}]

 ---------------- INICIANDO DATA_ANALYSIS/POSPROCESS.PY ---------------------------- 
Error: [Errno 2] No such file or directory: 'files/events/events.csv'
Loaded the most recent bkp file: events.csv.20240504192947
Do you want to continue? (y/n)Traceback (most recent call last):
  File "/home/ggrl/projetos/ClassificadorSismologico/source/data_analysis/pos_process.py", line 463, in load_data
    evs = pd.read_csv('files/events/events.csv')
          ^^^^^^^^^^^^^^^^^^^^^^^^^^^^^^^^^^^^^^
  File "/home/ggrl/.pyenv/versions/sismologia/lib/python3.11/site-packages/pandas/io/parsers/readers.py", line 1026, in read_csv
    return _read(filepath_or_buffer, kwds)
           ^^^^^^^^^^^^^^^^^^^^^^^^^^^^^^^
  File "/home/ggrl/.pyenv/versions/sismologia/lib/python3.11/site-packages/pandas/io/parsers/readers.py", line 620, in _read
    parser = TextFileReader(filepath_or_buffer, **kwds)
             ^^^^^^^^^^^^^^^^^^^^^^^^^^^^^^^^^^^^^^^^^^
  File "/home/ggrl/.pyenv/versions/sismologia/lib/python3.11/site-packages/pandas/io/parsers/readers.py", line 1620, in __init__
    self._engine = self._make_engine(f, self.engine)
                   ^^^^^^^^^^^^^^^^^^^^^^^^^^^^^^^^^
  File "/home/ggrl/.pyenv/versions/sismologia/lib/python3.11/site-packages/pandas/io/parsers/readers.py", line 1880, in _make_engine
    self.handles = get_handle(
                   ^^^^^^^^^^^
  File "/home/ggrl/.pyenv/versions/sismologia/lib/python3.11/site-packages/pandas/io/common.py", line 873, in get_handle
    handle = open(
             ^^^^^
FileNotFoundError: [Errno 2] No such file or directory: 'files/events/events.csv'

During handling of the above exception, another exception occurred:

Traceback (most recent call last):
  File "/home/ggrl/projetos/ClassificadorSismologico/source/data_analysis/pos_process.py", line 518, in <module>
    main()
  File "/home/ggrl/projetos/ClassificadorSismologico/source/data_analysis/pos_process.py", line 509, in main
    df_nc, df_c, evs, df_nc_val, df_c_val = load_data()
                                            ^^^^^^^^^^^
  File "/home/ggrl/projetos/ClassificadorSismologico/source/data_analysis/pos_process.py", line 471, in load_data
    if input('Do you want to continue? (y/n)') == 'n':
       ^^^^^^^^^^^^^^^^^^^^^^^^^^^^^^^^^^^^^^^
EOFError: EOF when reading a line

 -------------- Processo de criação de mapas iniciado ------------------
events.csv est\u00e1 vazio
true
/home/ggrl/.pyenv/versions/sismologia/bin/python3: can't open file '/home/ggrl/lucas_bin/make_maps_.py': [Errno 2] No such file or directory
mv: não foi possível obter estado de 'true': Arquivo ou diretório inexistente
mv: não foi possível obter estado de '*png': Arquivo ou diretório inexistente

 Criando arquivos de backup...
 Arquivos de backup criados com sucesso!

========================================================================
                        Fim do Pipeline                                 
========================================================================

