
========================================================================
                       Iniciando do Pipeline                         
========================================================================

 Criando arquivos de backup...
 Arquivos de backup criados com sucesso!

 -------------- INICIANDO O DATA_ANALYSIS/PREPROCESS.PY -------------------- 
Traceback (most recent call last):
  File "/home/ipt/projetos/ClassificadorSismologico/source/data_analysis/pre_process.py", line 114, in <module>
    df, df_com, df_nc = main()
                        ^^^^^^
  File "/home/ipt/projetos/ClassificadorSismologico/source/data_analysis/pre_process.py", line 108, in main
    gerar_predcsv()
  File "/home/ipt/projetos/ClassificadorSismologico/source/data_analysis/pre_process.py", line 28, in gerar_predcsv
    df_events = pd.read_csv(csv_events, sep=',')
                ^^^^^^^^^^^^^^^^^^^^^^^^^^^^^^^^
  File "/home/ipt/.pyenv/versions/sismologia/lib/python3.11/site-packages/pandas/io/parsers/readers.py", line 948, in read_csv
    return _read(filepath_or_buffer, kwds)
           ^^^^^^^^^^^^^^^^^^^^^^^^^^^^^^^
  File "/home/ipt/.pyenv/versions/sismologia/lib/python3.11/site-packages/pandas/io/parsers/readers.py", line 611, in _read
    parser = TextFileReader(filepath_or_buffer, **kwds)
             ^^^^^^^^^^^^^^^^^^^^^^^^^^^^^^^^^^^^^^^^^^
  File "/home/ipt/.pyenv/versions/sismologia/lib/python3.11/site-packages/pandas/io/parsers/readers.py", line 1448, in __init__
    self._engine = self._make_engine(f, self.engine)
                   ^^^^^^^^^^^^^^^^^^^^^^^^^^^^^^^^^
  File "/home/ipt/.pyenv/versions/sismologia/lib/python3.11/site-packages/pandas/io/parsers/readers.py", line 1705, in _make_engine
    self.handles = get_handle(
                   ^^^^^^^^^^^
  File "/home/ipt/.pyenv/versions/sismologia/lib/python3.11/site-packages/pandas/io/common.py", line 863, in get_handle
    handle = open(
             ^^^^^
FileNotFoundError: [Errno 2] No such file or directory: './files/events/events.csv'

 ----------------- INICIANDO O PREDICT.PY ---------------------------- 
[{"success":true}]

 ---------------- INICIANDO DATA_ANALYSIS/POSPROCESS.PY ---------------------------- 
Error: [Errno 2] No such file or directory: 'files/events/events.csv'
Loaded the most recent bkp file: events.csv.20240506131738
Do you want to continue? (y/n)Traceback (most recent call last):
  File "/home/ipt/projetos/ClassificadorSismologico/source/data_analysis/pos_process.py", line 740, in load_data
    evs = pd.read_csv('files/events/events.csv')
          ^^^^^^^^^^^^^^^^^^^^^^^^^^^^^^^^^^^^^^
  File "/home/ipt/.pyenv/versions/sismologia/lib/python3.11/site-packages/pandas/io/parsers/readers.py", line 948, in read_csv
    return _read(filepath_or_buffer, kwds)
           ^^^^^^^^^^^^^^^^^^^^^^^^^^^^^^^
  File "/home/ipt/.pyenv/versions/sismologia/lib/python3.11/site-packages/pandas/io/parsers/readers.py", line 611, in _read
    parser = TextFileReader(filepath_or_buffer, **kwds)
             ^^^^^^^^^^^^^^^^^^^^^^^^^^^^^^^^^^^^^^^^^^
  File "/home/ipt/.pyenv/versions/sismologia/lib/python3.11/site-packages/pandas/io/parsers/readers.py", line 1448, in __init__
    self._engine = self._make_engine(f, self.engine)
                   ^^^^^^^^^^^^^^^^^^^^^^^^^^^^^^^^^
  File "/home/ipt/.pyenv/versions/sismologia/lib/python3.11/site-packages/pandas/io/parsers/readers.py", line 1705, in _make_engine
    self.handles = get_handle(
                   ^^^^^^^^^^^
  File "/home/ipt/.pyenv/versions/sismologia/lib/python3.11/site-packages/pandas/io/common.py", line 863, in get_handle
    handle = open(
             ^^^^^
FileNotFoundError: [Errno 2] No such file or directory: 'files/events/events.csv'

During handling of the above exception, another exception occurred:

Traceback (most recent call last):
  File "/home/ipt/projetos/ClassificadorSismologico/source/data_analysis/pos_process.py", line 820, in <module>
    df_nc, df_c, evs, df_nc_val, df_c_val, picks, dict_filt = main()
                                                              ^^^^^^
  File "/home/ipt/projetos/ClassificadorSismologico/source/data_analysis/pos_process.py", line 811, in main
    df_nc, df_c, evs, df_nc_val, df_c_val, picks, dict_filt = load_data()
                                                              ^^^^^^^^^^^
  File "/home/ipt/projetos/ClassificadorSismologico/source/data_analysis/pos_process.py", line 748, in load_data
    if input('Do you want to continue? (y/n)') == 'n':
       ^^^^^^^^^^^^^^^^^^^^^^^^^^^^^^^^^^^^^^^
EOFError: EOF when reading a line

 -------------- Processo de criação de mapas iniciado ------------------
 -> Executando make_maps.py...
Error returned from GMT API: GMT_MEMORY_ERROR (25)
Traceback (most recent call last):
  File "/home/ipt/projetos/ClassificadorSismologico/source/data_analysis/make_maps.py", line 13, in <module>
    import pygmt
  File "/home/ipt/.pyenv/versions/sismologia/lib/python3.11/site-packages/pygmt/__init__.py", line 29, in <module>
    with clib.Session() as lib:
  File "/home/ipt/.pyenv/versions/sismologia/lib/python3.11/site-packages/pygmt/clib/session.py", line 217, in __enter__
    self.create("pygmt-session")
  File "/home/ipt/.pyenv/versions/sismologia/lib/python3.11/site-packages/pygmt/clib/session.py", line 401, in create
    raise GMTCLibError(
pygmt.exceptions.GMTCLibError: Failed to create a GMT API session:


 ----------------- Iniciando o pdflatex .tex ---------------------------- 
/home/ipt/.pyenv/versions/sismologia/bin/python: can't open file '/home/ipt/projetos/ClassificadorSismologico/source/sismologia-ipt-latex/tex/relatorio_preditivo/python/figures.py': [Errno 2] No such file or directory
/home/ipt/.pyenv/versions/sismologia/bin/python: can't open file '/home/ipt/projetos/ClassificadorSismologico/source/sismologia-ipt-latex/tex/relatorio_preditivo/python/mapa.py': [Errno 2] No such file or directory
~/projetos/ClassificadorSismologico/source/sismologia-ipt-latex ~/projetos/ClassificadorSismologico
This is pdfTeX, Version 3.141592653-2.6-1.40.24 (TeX Live 2022/Debian) (preloaded format=pdflatex)
 restricted \write18 enabled.
entering extended mode
! I can't find file `relatorio_preditivo.tex'.
<*> relatorio_preditivo.tex
                           
(Press Enter to retry, or Control-D to exit)
Please type another input file name: 
! Emergency stop.
<*> 
    
!  ==> Fatal error occurred, no output PDF file produced!
Transcript written on /home/ipt/projetos/ClassificadorSismologico/files/relator
ios//texput.log.
~/projetos/ClassificadorSismologico
========================================================================
                        Fim do Pipeline                                 
========================================================================

